
================================================================================
ERROR LOGGED: 2026-05-16T17:08:24.214Z
User ID: ahmed.fakhfakh.dae@gmail.com
================================================================================
Error Name: GatewayError
Error Message: Failed to handle chat completion - HTTP 401: Unauthorized - {"error":"unauthorized","message":"Token verification failed: 'exp' claim expired at Sat, 16 May 2026 17:03:29 GMT"}



Stack Trace:
GatewayError: Failed to handle chat completion - HTTP 401: Unauthorized - {"error":"unauthorized","message":"Token verification failed: 'exp' claim expired at Sat, 16 May 2026 17:03:29 GMT"}


    at t.fromResponse (file:///home/ahmed/.nvm/versions/node/v22.19.0/lib/node_modules/bobshell/bundle/bob.js:765:8542)
    at process.processTicksAndRejections (node:internal/process/task_queues:105:5)
    at async t.createChatCompletion (file:///home/ahmed/.nvm/versions/node/v22.19.0/lib/node_modules/bobshell/bundle/bob.js:777:8820)
    at async dnt.createChatCompletionWithTokenRenewal (file:///home/ahmed/.nvm/versions/node/v22.19.0/lib/node_modules/bobshell/bundle/bob.js:2152:237)
    at async dnt.generateContentStreamInternal (file:///home/ahmed/.nvm/versions/node/v22.19.0/lib/node_modules/bobshell/bundle/bob.js:2157:52)
    at async V6.loggingStreamWrapper (file:///home/ahmed/.nvm/versions/node/v22.19.0/lib/node_modules/bobshell/bundle/bob.js:800:31296)
    at async gY.processStreamResponse (file:///home/ahmed/.nvm/versions/node/v22.19.0/lib/node_modules/bobshell/bundle/bob.js:2463:81)
    at async file:///home/ahmed/.nvm/versions/node/v22.19.0/lib/node_modules/bobshell/bundle/bob.js:2457:22044
    at async PQ.run (file:///home/ahmed/.nvm/versions/node/v22.19.0/lib/node_modules/bobshell/bundle/bob.js:2463:3153)
    at async nwe.sendMessageStream (file:///home/ahmed/.nvm/versions/node/v22.19.0/lib/node_modules/bobshell/bundle/bob.js:2796:511)
================================================================================


================================================================================
ERROR LOGGED: 2026-05-16T17:08:47.823Z
User ID: ahmed.fakhfakh.dae@gmail.com
================================================================================
Error Name: GatewayError
Error Message: Failed to handle chat completion - HTTP 401: Unauthorized - {"error":"unauthorized","message":"Token verification failed: 'exp' claim expired at Sat, 16 May 2026 17:03:29 GMT"}



Stack Trace:
GatewayError: Failed to handle chat completion - HTTP 401: Unauthorized - {"error":"unauthorized","message":"Token verification failed: 'exp' claim expired at Sat, 16 May 2026 17:03:29 GMT"}


    at t.fromResponse (file:///home/ahmed/.nvm/versions/node/v22.19.0/lib/node_modules/bobshell/bundle/bob.js:765:8542)
    at process.processTicksAndRejections (node:internal/process/task_queues:105:5)
    at async t.createChatCompletion (file:///home/ahmed/.nvm/versions/node/v22.19.0/lib/node_modules/bobshell/bundle/bob.js:777:8820)
    at async dnt.createChatCompletionWithTokenRenewal (file:///home/ahmed/.nvm/versions/node/v22.19.0/lib/node_modules/bobshell/bundle/bob.js:2152:237)
    at async dnt.generateContentStreamInternal (file:///home/ahmed/.nvm/versions/node/v22.19.0/lib/node_modules/bobshell/bundle/bob.js:2157:52)
    at async V6.loggingStreamWrapper (file:///home/ahmed/.nvm/versions/node/v22.19.0/lib/node_modules/bobshell/bundle/bob.js:800:31296)
    at async gY.processStreamResponse (file:///home/ahmed/.nvm/versions/node/v22.19.0/lib/node_modules/bobshell/bundle/bob.js:2463:81)
    at async file:///home/ahmed/.nvm/versions/node/v22.19.0/lib/node_modules/bobshell/bundle/bob.js:2457:22044
    at async PQ.run (file:///home/ahmed/.nvm/versions/node/v22.19.0/lib/node_modules/bobshell/bundle/bob.js:2463:3153)
    at async nwe.sendMessageStream (file:///home/ahmed/.nvm/versions/node/v22.19.0/lib/node_modules/bobshell/bundle/bob.js:2796:511)
================================================================================


================================================================================
ERROR LOGGED: 2026-05-16T17:09:42.045Z
User ID: ahmed.fakhfakh.dae@gmail.com
================================================================================
Error Name: GatewayError
Error Message: Failed to handle chat completion - HTTP 401: Unauthorized - {"message":"Token verification failed: 'exp' claim expired at Sat, 16 May 2026 17:03:29 GMT","error":"unauthorized"}



Stack Trace:
GatewayError: Failed to handle chat completion - HTTP 401: Unauthorized - {"message":"Token verification failed: 'exp' claim expired at Sat, 16 May 2026 17:03:29 GMT","error":"unauthorized"}


    at t.fromResponse (file:///home/ahmed/.nvm/versions/node/v22.19.0/lib/node_modules/bobshell/bundle/bob.js:765:8542)
    at process.processTicksAndRejections (node:internal/process/task_queues:105:5)
    at async t.createChatCompletion (file:///home/ahmed/.nvm/versions/node/v22.19.0/lib/node_modules/bobshell/bundle/bob.js:777:8820)
    at async dnt.createChatCompletionWithTokenRenewal (file:///home/ahmed/.nvm/versions/node/v22.19.0/lib/node_modules/bobshell/bundle/bob.js:2152:237)
    at async dnt.generateContentStreamInternal (file:///home/ahmed/.nvm/versions/node/v22.19.0/lib/node_modules/bobshell/bundle/bob.js:2157:52)
    at async V6.loggingStreamWrapper (file:///home/ahmed/.nvm/versions/node/v22.19.0/lib/node_modules/bobshell/bundle/bob.js:800:31296)
    at async gY.processStreamResponse (file:///home/ahmed/.nvm/versions/node/v22.19.0/lib/node_modules/bobshell/bundle/bob.js:2463:81)
    at async file:///home/ahmed/.nvm/versions/node/v22.19.0/lib/node_modules/bobshell/bundle/bob.js:2457:22044
    at async PQ.run (file:///home/ahmed/.nvm/versions/node/v22.19.0/lib/node_modules/bobshell/bundle/bob.js:2463:3153)
    at async nwe.sendMessageStream (file:///home/ahmed/.nvm/versions/node/v22.19.0/lib/node_modules/bobshell/bundle/bob.js:2796:511)
================================================================================


================================================================================
ERROR LOGGED: 2026-05-16T17:16:36.622Z
User ID: ahmed.fakhfakh.dae@gmail.com
================================================================================
Error Name: GatewayError
Error Message: Failed to handle chat completion - HTTP 401: Unauthorized - {"error":"unauthorized","message":"Token verification failed: 'exp' claim expired at Sat, 16 May 2026 17:03:29 GMT"}



Stack Trace:
GatewayError: Failed to handle chat completion - HTTP 401: Unauthorized - {"error":"unauthorized","message":"Token verification failed: 'exp' claim expired at Sat, 16 May 2026 17:03:29 GMT"}


    at t.fromResponse (file:///home/ahmed/.nvm/versions/node/v22.19.0/lib/node_modules/bobshell/bundle/bob.js:765:8542)
    at process.processTicksAndRejections (node:internal/process/task_queues:105:5)
    at async t.createChatCompletion (file:///home/ahmed/.nvm/versions/node/v22.19.0/lib/node_modules/bobshell/bundle/bob.js:777:8820)
    at async dnt.createChatCompletionWithTokenRenewal (file:///home/ahmed/.nvm/versions/node/v22.19.0/lib/node_modules/bobshell/bundle/bob.js:2152:237)
    at async dnt.generateContentStreamInternal (file:///home/ahmed/.nvm/versions/node/v22.19.0/lib/node_modules/bobshell/bundle/bob.js:2157:52)
    at async V6.loggingStreamWrapper (file:///home/ahmed/.nvm/versions/node/v22.19.0/lib/node_modules/bobshell/bundle/bob.js:800:31296)
    at async gY.processStreamResponse (file:///home/ahmed/.nvm/versions/node/v22.19.0/lib/node_modules/bobshell/bundle/bob.js:2463:81)
    at async file:///home/ahmed/.nvm/versions/node/v22.19.0/lib/node_modules/bobshell/bundle/bob.js:2457:22044
    at async PQ.run (file:///home/ahmed/.nvm/versions/node/v22.19.0/lib/node_modules/bobshell/bundle/bob.js:2463:3153)
    at async nwe.sendMessageStream (file:///home/ahmed/.nvm/versions/node/v22.19.0/lib/node_modules/bobshell/bundle/bob.js:2796:511)
================================================================================

